<?xml version="1.0" encoding="UTF-8"?>
<!-- Generated by org.testng.reporters.JUnitReportReporter -->
<testsuite hostname="HP01" failures="0" tests="1" name="com.mobile.appium.automation.DragAndDropGesture" time="4.689" errors="0" timestamp="26 Apr 2023 06:45:23 GMT" skipped="0">
  <testcase classname="com.mobile.appium.automation.DragAndDropGesture" name="dragAndDrop" time="4.689"/>
</testsuite> <!-- com.mobile.appium.automation.DragAndDropGesture -->
