<?xml version="1.0" encoding="UTF-8"?>
<!-- Generated by org.testng.reporters.JUnitReportReporter -->
<testsuite hostname="HP01" failures="0" tests="1" name="com.mobile.appium.automation.AppiumBasic" time="11.536" errors="0" timestamp="24 Apr 2023 07:16:28 GMT" skipped="0">
  <testcase classname="com.mobile.appium.automation.AppiumBasic" name="basicTest1" time="11.536"/>
</testsuite> <!-- com.mobile.appium.automation.AppiumBasic -->
