<?xml version="1.0" encoding="UTF-8"?>
<!-- Generated by org.testng.reporters.JUnitReportReporter -->
<testsuite skipped="0" hostname="HP01" name="com.mobile.appium.ecommerce.Test_4_CalcuteTotalAmounts" tests="1" failures="0" timestamp="16 May 2023 06:13:20 GMT" time="25.852" errors="0">
  <testcase name="validateCalculateTotalAmounts" time="25.852" classname="com.mobile.appium.ecommerce.Test_4_CalcuteTotalAmounts"/>
</testsuite> <!-- com.mobile.appium.ecommerce.Test_4_CalcuteTotalAmounts -->
