<?xml version="1.0" encoding="UTF-8"?>
<!-- Generated by org.testng.reporters.JUnitReportReporter -->
<testsuite skipped="0" hostname="HP01" name="com.mobile.appium.ecommerce.Testcase_3_ValidateParticularShoeFromAddToCart" tests="1" failures="0" timestamp="15 May 2023 08:39:54 GMT" time="27.583" errors="0">
  <testcase name="validateShoeFromAddTocart" time="27.583" classname="com.mobile.appium.ecommerce.Testcase_3_ValidateParticularShoeFromAddToCart"/>
</testsuite> <!-- com.mobile.appium.ecommerce.Testcase_3_ValidateParticularShoeFromAddToCart -->
