<?xml version="1.0" encoding="UTF-8"?>
<!-- Generated by org.testng.reporters.JUnitReportReporter -->
<testsuite hostname="HP01" failures="0" tests="3" name="com.mobile.appium.automation.AlertDialog" time="6.154" errors="0" timestamp="26 Apr 2023 10:06:14 GMT" skipped="2">
  <testcase classname="com.mobile.appium.automation.AlertDialog" name="textEntryDialog" time="6.154"/>
  <testcase classname="com.mobile.appium.automation.AlertDialog" name="listOfDialog">
    <skipped/>
  </testcase> <!-- listOfDialog -->
  <testcase classname="com.mobile.appium.automation.AlertDialog" name="alertDialogAccept">
    <skipped/>
  </testcase> <!-- alertDialogAccept -->
</testsuite> <!-- com.mobile.appium.automation.AlertDialog -->
