<?xml version="1.0" encoding="UTF-8"?>
<!-- Generated by org.testng.reporters.JUnitReportReporter -->
<testsuite skipped="0" hostname="HP01" name="com.mobile.appium.ecommerce.TestCase_4_CalcuteTotalAmounts" tests="1" failures="0" timestamp="22 May 2023 10:32:36 GMT" time="27.255" errors="0">
  <testcase name="validateCalculateTotalAmounts" time="27.255" classname="com.mobile.appium.ecommerce.TestCase_4_CalcuteTotalAmounts"/>
</testsuite> <!-- com.mobile.appium.ecommerce.TestCase_4_CalcuteTotalAmounts -->
