<?xml version="1.0" encoding="UTF-8"?>
<!-- Generated by org.testng.reporters.JUnitReportReporter -->
<testsuite hostname="HP01" failures="0" tests="1" name="com.mobile.appium.automation.ScrollGesture" time="6.086" errors="0" timestamp="25 Apr 2023 11:44:33 GMT" skipped="0">
  <testcase classname="com.mobile.appium.automation.ScrollGesture" name="scrollToExactElement" time="6.086"/>
</testsuite> <!-- com.mobile.appium.automation.ScrollGesture -->
