<?xml version="1.0" encoding="UTF-8"?>
<!-- Generated by org.testng.reporters.JUnitReportReporter -->
<testsuite skipped="0" hostname="HP01" name="com.mobile.appium.ecommerce.FillingFormDetailsForShopping2" tests="1" failures="0" timestamp="06 May 2023 09:44:59 GMT" time="38.355" errors="0">
  <testcase name="FillShoppingFormDetails" time="38.355" classname="com.mobile.appium.ecommerce.FillingFormDetailsForShopping2"/>
</testsuite> <!-- com.mobile.appium.ecommerce.FillingFormDetailsForShopping2 -->
